<!DOCTYPE html>
<html>
<head>
<meta http-equiv="Content-Type" content="text/html; charset=utf-8"/>
<meta http-equiv="x-ua-compatible" content="IE=edge"/>
<title>Test results - Class allcom_selenium.login.LoginPositiveTests</title>
<link href="../css/base-style.css" rel="stylesheet" type="text/css"/>
<link href="../css/style.css" rel="stylesheet" type="text/css"/>
<script src="../js/report.js" type="text/javascript"></script>
</head>
<body>
<div id="content">
<h1>Class allcom_selenium.login.LoginPositiveTests</h1>
<div class="breadcrumbs">
<a href="../index.html">all</a> &gt; 
<a href="../packages/allcom_selenium.login.html">allcom_selenium.login</a> &gt; LoginPositiveTests</div>
<div id="summary">
<table>
<tr>
<td>
<div class="summaryGroup">
<table>
<tr>
<td>
<div class="infoBox" id="tests">
<div class="counter">11</div>
<p>tests</p>
</div>
</td>
<td>
<div class="infoBox" id="failures">
<div class="counter">2</div>
<p>failures</p>
</div>
</td>
<td>
<div class="infoBox" id="ignored">
<div class="counter">3</div>
<p>ignored</p>
</div>
</td>
<td>
<div class="infoBox" id="duration">
<div class="counter">5.398s</div>
<p>duration</p>
</div>
</td>
</tr>
</table>
</div>
</td>
<td>
<div class="infoBox failures" id="successRate">
<div class="percent">75%</div>
<p>successful</p>
</div>
</td>
</tr>
</table>
</div>
<div id="tabs">
<ul class="tabLinks">
<li>
<a href="#tab0">Failed tests</a>
</li>
<li>
<a href="#tab1">Tests</a>
</li>
<li>
<a href="#tab2">Standard output</a>
</li>
</ul>
<div id="tab0" class="tab">
<h2>Failed tests</h2>
<div class="test">
<a name="loginWithValidDataProviderPositive[0](testuser1@testuser.com, Test!123)"></a>
<h3 class="failures">loginWithValidDataProviderPositive[0](testuser1@testuser.com, Test!123)</h3>
<span class="code">
<pre>java.lang.NullPointerException
	at org.openqa.selenium.remote.RemoteWebElement.isEnabled(RemoteWebElement.java:183)
	at jdk.internal.reflect.GeneratedMethodAccessor7.invoke(Unknown Source)
	at java.base/jdk.internal.reflect.DelegatingMethodAccessorImpl.invoke(DelegatingMethodAccessorImpl.java:43)
	at java.base/java.lang.reflect.Method.invoke(Method.java:566)
	at org.openqa.selenium.support.pagefactory.internal.LocatingElementHandler.invoke(LocatingElementHandler.java:51)
	at com.sun.proxy.$Proxy20.isEnabled(Unknown Source)
	at org.openqa.selenium.support.ui.ExpectedConditions$23.apply(ExpectedConditions.java:658)
	at org.openqa.selenium.support.ui.ExpectedConditions$23.apply(ExpectedConditions.java:652)
	at org.openqa.selenium.support.ui.FluentWait.until(FluentWait.java:203)
	at allcom_selenium.pages.BasePage.click(BasePage.java:160)
	at allcom_selenium.pages.BasePage.type(BasePage.java:234)
	at allcom_selenium.pages.login.LoginPage.login(LoginPage.java:50)
	at allcom_selenium.login.LoginPositiveTests.loginWithValidDataProviderPositive(LoginPositiveTests.java:38)
	at java.base/jdk.internal.reflect.NativeMethodAccessorImpl.invoke0(Native Method)
	at java.base/jdk.internal.reflect.NativeMethodAccessorImpl.invoke(NativeMethodAccessorImpl.java:62)
	at java.base/jdk.internal.reflect.DelegatingMethodAccessorImpl.invoke(DelegatingMethodAccessorImpl.java:43)
	at java.base/java.lang.reflect.Method.invoke(Method.java:566)
	at org.testng.internal.invokers.MethodInvocationHelper.invokeMethod(MethodInvocationHelper.java:139)
	at org.testng.internal.invokers.TestInvoker.invokeMethod(TestInvoker.java:664)
	at org.testng.internal.invokers.TestInvoker.invokeTestMethod(TestInvoker.java:228)
	at org.testng.internal.invokers.MethodRunner.runInSequence(MethodRunner.java:63)
	at org.testng.internal.invokers.TestInvoker$MethodInvocationAgent.invoke(TestInvoker.java:961)
	at org.testng.internal.invokers.TestInvoker.invokeTestMethods(TestInvoker.java:201)
	at org.testng.internal.invokers.TestMethodWorker.invokeTestMethods(TestMethodWorker.java:148)
	at org.testng.internal.invokers.TestMethodWorker.run(TestMethodWorker.java:128)
	at java.base/java.util.ArrayList.forEach(ArrayList.java:1541)
	at org.testng.TestRunner.privateRun(TestRunner.java:819)
	at org.testng.TestRunner.run(TestRunner.java:619)
	at org.testng.SuiteRunner.runTest(SuiteRunner.java:443)
	at org.testng.SuiteRunner.runSequentially(SuiteRunner.java:437)
	at org.testng.SuiteRunner.privateRun(SuiteRunner.java:397)
	at org.testng.SuiteRunner.run(SuiteRunner.java:336)
	at org.testng.SuiteRunnerWorker.runSuite(SuiteRunnerWorker.java:52)
	at org.testng.SuiteRunnerWorker.run(SuiteRunnerWorker.java:95)
	at org.testng.TestNG.runSuitesSequentially(TestNG.java:1301)
	at org.testng.TestNG.runSuitesLocally(TestNG.java:1228)
	at org.testng.TestNG.runSuites(TestNG.java:1134)
	at org.testng.TestNG.run(TestNG.java:1101)
	at org.gradle.api.internal.tasks.testing.testng.TestNGTestClassProcessor.runTests(TestNGTestClassProcessor.java:153)
	at org.gradle.api.internal.tasks.testing.testng.TestNGTestClassProcessor.stop(TestNGTestClassProcessor.java:95)
	at org.gradle.api.internal.tasks.testing.SuiteTestClassProcessor.stop(SuiteTestClassProcessor.java:63)
	at java.base/jdk.internal.reflect.NativeMethodAccessorImpl.invoke0(Native Method)
	at java.base/jdk.internal.reflect.NativeMethodAccessorImpl.invoke(NativeMethodAccessorImpl.java:62)
	at java.base/jdk.internal.reflect.DelegatingMethodAccessorImpl.invoke(DelegatingMethodAccessorImpl.java:43)
	at java.base/java.lang.reflect.Method.invoke(Method.java:566)
	at org.gradle.internal.dispatch.ReflectionDispatch.dispatch(ReflectionDispatch.java:36)
	at org.gradle.internal.dispatch.ReflectionDispatch.dispatch(ReflectionDispatch.java:24)
	at org.gradle.internal.dispatch.ContextClassLoaderDispatch.dispatch(ContextClassLoaderDispatch.java:33)
	at org.gradle.internal.dispatch.ProxyDispatchAdapter$DispatchingInvocationHandler.invoke(ProxyDispatchAdapter.java:92)
	at com.sun.proxy.$Proxy4.stop(Unknown Source)
	at org.gradle.api.internal.tasks.testing.worker.TestWorker$3.run(TestWorker.java:200)
	at org.gradle.api.internal.tasks.testing.worker.TestWorker.executeAndMaintainThreadName(TestWorker.java:132)
	at org.gradle.api.internal.tasks.testing.worker.TestWorker.execute(TestWorker.java:103)
	at org.gradle.api.internal.tasks.testing.worker.TestWorker.execute(TestWorker.java:63)
	at org.gradle.process.internal.worker.child.ActionExecutionWorker.execute(ActionExecutionWorker.java:56)
	at org.gradle.process.internal.worker.child.SystemApplicationClassLoaderWorker.call(SystemApplicationClassLoaderWorker.java:121)
	at org.gradle.process.internal.worker.child.SystemApplicationClassLoaderWorker.call(SystemApplicationClassLoaderWorker.java:71)
	at worker.org.gradle.process.internal.worker.GradleWorkerMain.run(GradleWorkerMain.java:69)
	at worker.org.gradle.process.internal.worker.GradleWorkerMain.main(GradleWorkerMain.java:74)
</pre>
</span>
</div>
<div class="test">
<a name="stopTest"></a>
<h3 class="failures">stopTest</h3>
<span class="code">
<pre>org.openqa.selenium.NoSuchWindowException: no such window: target window already closed
from unknown error: web view not found
  (Session info: chrome=131.0.6778.109)
Build info: version: '4.23.1', revision: '656257d8e9'
System info: os.name: 'Windows 11', os.arch: 'amd64', os.version: '10.0', java.version: '11.0.24'
Driver info: org.openqa.selenium.chrome.ChromeDriver
Command: [380426b4fbd53a1ea71ffc349337161b, screenshot {}]
Capabilities {acceptInsecureCerts: false, browserName: chrome, browserVersion: 131.0.6778.109, chrome: {chromedriverVersion: 131.0.6778.87 (ce31cae94873..., userDataDir: C:\Users\PORTISHEAD\AppData...}, fedcm:accounts: true, goog:chromeOptions: {debuggerAddress: localhost:20342}, networkConnectionEnabled: false, pageLoadStrategy: normal, platformName: windows, proxy: Proxy(), se:cdp: ws://localhost:20342/devtoo..., se:cdpVersion: 131.0.6778.109, setWindowRect: true, strictFileInteractability: false, timeouts: {implicit: 0, pageLoad: 300000, script: 30000}, unhandledPromptBehavior: dismiss and notify, webauthn:extension:credBlob: true, webauthn:extension:largeBlob: true, webauthn:extension:minPinLength: true, webauthn:extension:prf: true, webauthn:virtualAuthenticators: true}
Session ID: 380426b4fbd53a1ea71ffc349337161b
	at java.base@11.0.24/jdk.internal.reflect.NativeConstructorAccessorImpl.newInstance0(Native Method)
	at java.base@11.0.24/jdk.internal.reflect.NativeConstructorAccessorImpl.newInstance(NativeConstructorAccessorImpl.java:62)
	at java.base@11.0.24/jdk.internal.reflect.DelegatingConstructorAccessorImpl.newInstance(DelegatingConstructorAccessorImpl.java:45)
	at java.base@11.0.24/java.lang.reflect.Constructor.newInstance(Constructor.java:490)
	at app//org.openqa.selenium.remote.ErrorCodec.decode(ErrorCodec.java:167)
	at app//org.openqa.selenium.remote.codec.w3c.W3CHttpResponseCodec.decode(W3CHttpResponseCodec.java:138)
	at app//org.openqa.selenium.remote.codec.w3c.W3CHttpResponseCodec.decode(W3CHttpResponseCodec.java:50)
	at app//org.openqa.selenium.remote.HttpCommandExecutor.execute(HttpCommandExecutor.java:190)
	at app//org.openqa.selenium.remote.service.DriverCommandExecutor.invokeExecute(DriverCommandExecutor.java:216)
	at app//org.openqa.selenium.remote.service.DriverCommandExecutor.execute(DriverCommandExecutor.java:174)
	at app//org.openqa.selenium.remote.RemoteWebDriver.execute(RemoteWebDriver.java:545)
	at app//org.openqa.selenium.remote.RemoteWebDriver.execute(RemoteWebDriver.java:618)
	at app//org.openqa.selenium.remote.RemoteWebDriver.execute(RemoteWebDriver.java:622)
	at app//org.openqa.selenium.remote.RemoteWebDriver.getScreenshotAs(RemoteWebDriver.java:334)
	at app//allcom_selenium.pages.ApplicationManager.takeScreenshot(ApplicationManager.java:101)
	at app//allcom_selenium.TestBaseSE.stopTest(TestBaseSE.java:47)
	at java.base@11.0.24/jdk.internal.reflect.NativeMethodAccessorImpl.invoke0(Native Method)
	at java.base@11.0.24/jdk.internal.reflect.NativeMethodAccessorImpl.invoke(NativeMethodAccessorImpl.java:62)
	at java.base@11.0.24/jdk.internal.reflect.DelegatingMethodAccessorImpl.invoke(DelegatingMethodAccessorImpl.java:43)
	at java.base@11.0.24/java.lang.reflect.Method.invoke(Method.java:566)
	at app//org.testng.internal.invokers.MethodInvocationHelper.invokeMethod(MethodInvocationHelper.java:139)
	at app//org.testng.internal.invokers.MethodInvocationHelper.invokeMethodConsideringTimeout(MethodInvocationHelper.java:69)
	at app//org.testng.internal.invokers.ConfigInvoker.invokeConfigurationMethod(ConfigInvoker.java:393)
	at app//org.testng.internal.invokers.ConfigInvoker.invokeConfigurations(ConfigInvoker.java:326)
	at app//org.testng.internal.invokers.TestInvoker.runConfigMethods(TestInvoker.java:810)
	at app//org.testng.internal.invokers.TestInvoker.runAfterConfigurations(TestInvoker.java:779)
	at app//org.testng.internal.invokers.TestInvoker.invokeMethod(TestInvoker.java:755)
	at app//org.testng.internal.invokers.TestInvoker.invokeTestMethod(TestInvoker.java:228)
	at app//org.testng.internal.invokers.MethodRunner.runInSequence(MethodRunner.java:63)
	at app//org.testng.internal.invokers.TestInvoker$MethodInvocationAgent.invoke(TestInvoker.java:961)
	at app//org.testng.internal.invokers.TestInvoker.invokeTestMethods(TestInvoker.java:201)
	at app//org.testng.internal.invokers.TestMethodWorker.invokeTestMethods(TestMethodWorker.java:148)
	at app//org.testng.internal.invokers.TestMethodWorker.run(TestMethodWorker.java:128)
	at java.base@11.0.24/java.util.ArrayList.forEach(ArrayList.java:1541)
	at app//org.testng.TestRunner.privateRun(TestRunner.java:819)
	at app//org.testng.TestRunner.run(TestRunner.java:619)
	at app//org.testng.SuiteRunner.runTest(SuiteRunner.java:443)
	at app//org.testng.SuiteRunner.runSequentially(SuiteRunner.java:437)
	at app//org.testng.SuiteRunner.privateRun(SuiteRunner.java:397)
	at app//org.testng.SuiteRunner.run(SuiteRunner.java:336)
	at app//org.testng.SuiteRunnerWorker.runSuite(SuiteRunnerWorker.java:52)
	at app//org.testng.SuiteRunnerWorker.run(SuiteRunnerWorker.java:95)
	at app//org.testng.TestNG.runSuitesSequentially(TestNG.java:1301)
	at app//org.testng.TestNG.runSuitesLocally(TestNG.java:1228)
	at app//org.testng.TestNG.runSuites(TestNG.java:1134)
	at app//org.testng.TestNG.run(TestNG.java:1101)
	at org.gradle.api.internal.tasks.testing.testng.TestNGTestClassProcessor.runTests(TestNGTestClassProcessor.java:153)
	at org.gradle.api.internal.tasks.testing.testng.TestNGTestClassProcessor.stop(TestNGTestClassProcessor.java:95)
	at org.gradle.api.internal.tasks.testing.SuiteTestClassProcessor.stop(SuiteTestClassProcessor.java:63)
	at java.base@11.0.24/jdk.internal.reflect.NativeMethodAccessorImpl.invoke0(Native Method)
	at java.base@11.0.24/jdk.internal.reflect.NativeMethodAccessorImpl.invoke(NativeMethodAccessorImpl.java:62)
	at java.base@11.0.24/jdk.internal.reflect.DelegatingMethodAccessorImpl.invoke(DelegatingMethodAccessorImpl.java:43)
	at java.base@11.0.24/java.lang.reflect.Method.invoke(Method.java:566)
	at org.gradle.internal.dispatch.ReflectionDispatch.dispatch(ReflectionDispatch.java:36)
	at org.gradle.internal.dispatch.ReflectionDispatch.dispatch(ReflectionDispatch.java:24)
	at org.gradle.internal.dispatch.ContextClassLoaderDispatch.dispatch(ContextClassLoaderDispatch.java:33)
	at org.gradle.internal.dispatch.ProxyDispatchAdapter$DispatchingInvocationHandler.invoke(ProxyDispatchAdapter.java:92)
	at com.sun.proxy.$Proxy4.stop(Unknown Source)
	at org.gradle.api.internal.tasks.testing.worker.TestWorker$3.run(TestWorker.java:200)
	at org.gradle.api.internal.tasks.testing.worker.TestWorker.executeAndMaintainThreadName(TestWorker.java:132)
	at org.gradle.api.internal.tasks.testing.worker.TestWorker.execute(TestWorker.java:103)
	at org.gradle.api.internal.tasks.testing.worker.TestWorker.execute(TestWorker.java:63)
	at org.gradle.process.internal.worker.child.ActionExecutionWorker.execute(ActionExecutionWorker.java:56)
	at org.gradle.process.internal.worker.child.SystemApplicationClassLoaderWorker.call(SystemApplicationClassLoaderWorker.java:121)
	at org.gradle.process.internal.worker.child.SystemApplicationClassLoaderWorker.call(SystemApplicationClassLoaderWorker.java:71)
	at app//worker.org.gradle.process.internal.worker.GradleWorkerMain.run(GradleWorkerMain.java:69)
	at app//worker.org.gradle.process.internal.worker.GradleWorkerMain.main(GradleWorkerMain.java:74)
</pre>
</span>
</div>
</div>
<div id="tab1" class="tab">
<h2>Tests</h2>
<table>
<thead>
<tr>
<th>Test</th>
<th>Duration</th>
<th>Result</th>
</tr>
</thead>
<tr>
<td class="success">loginUserWithValidRandomDataPositive</td>
<td class="success">0.871s</td>
<td class="success">passed</td>
</tr>
<tr>
<td class="success">loginUserWithValidRandomDataPositive</td>
<td class="success">0.860s</td>
<td class="success">passed</td>
</tr>
<tr>
<td class="success">loginUserWithValidRandomDataPositive</td>
<td class="success">0.888s</td>
<td class="success">passed</td>
</tr>
<tr>
<td class="success">loginUserWithValidRandomDataPositive</td>
<td class="success">0.975s</td>
<td class="success">passed</td>
</tr>
<tr>
<td class="success">loginUserWithValidRandomDataPositive</td>
<td class="success">0.842s</td>
<td class="success">passed</td>
</tr>
<tr>
<td class="success">loginWithValidDataPositive</td>
<td class="success">0.798s</td>
<td class="success">passed</td>
</tr>
<tr>
<td class="failures">loginWithValidDataProviderPositive[0](testuser1@testuser.com, Test!123)</td>
<td class="failures">0.144s</td>
<td class="failures">failed</td>
</tr>
<tr>
<td class="skipped">loginWithValidDataProviderPositive[1](demoaccount@demoaccoun.com, Demo@Pass2022)</td>
<td class="skipped">-</td>
<td class="skipped">ignored</td>
</tr>
<tr>
<td class="skipped">loginWithValidDataProviderPositive[2](user1234@user1234.com, Secure@Pwd567)</td>
<td class="skipped">-</td>
<td class="skipped">ignored</td>
</tr>
<tr>
<td class="skipped">loginWithValidDataProviderPositive[3](trialuser@trialuser.cdddom, Test@Pass789)</td>
<td class="skipped">-</td>
<td class="skipped">ignored</td>
</tr>
<tr>
<td class="failures">stopTest</td>
<td class="failures">0.019s</td>
<td class="failures">failed</td>
</tr>
</table>
</div>
<div id="tab2" class="tab">
<h2>Standard output</h2>
<span class="code">
<pre>20:05:34.775 [Test worker] INFO  allcom_selenium.TestBaseSE -- STARTED: [loginUserWithValidRandomDataPositive]
20:05:36.056 [Test worker] INFO  allcom_selenium.pages.BasePage -- Waiting for URL to be [http://allcom.itvm.com.ua:5173/login], Time taken: [5] milliseconds, Attempts: [2]
20:05:36.267 [Test worker] INFO  allcom_selenium.pages.BasePage -- Clicked on Element [name: email], Time taken: [90] milliseconds
20:05:36.314 [Test worker] INFO  allcom_selenium.pages.BasePage -- Clear Element [name: email]
20:05:36.448 [Test worker] INFO  allcom_selenium.pages.BasePage -- Type [nw7@loA7J.aNGmiShYo] to [name: email]
20:05:36.612 [Test worker] INFO  allcom_selenium.pages.BasePage -- Clicked on Element [name: password], Time taken: [86] milliseconds
20:05:36.672 [Test worker] INFO  allcom_selenium.pages.BasePage -- Clear Element [name: password]
20:05:36.775 [Test worker] INFO  allcom_selenium.pages.BasePage -- Type [uM6%hXs4ewuh&amp;*uOKL7cx7H6P] to [name: password]
20:05:36.905 [Test worker] INFO  allcom_selenium.pages.BasePage -- Clicked on Element [xpath: //*[@data-testid='button_login'], Time taken: [63] milliseconds
20:05:37.050 [Test worker] INFO  allcom_selenium.TestBaseSE -- PASSED: [loginUserWithValidRandomDataPositive], with VALUES: []
20:05:37.054 [Test worker] INFO  allcom_selenium.TestBaseSE -- STARTED: [loginUserWithValidRandomDataPositive]
20:05:38.072 [Test worker] INFO  allcom_selenium.pages.BasePage -- Waiting for URL to be [http://allcom.itvm.com.ua:5173/login], Time taken: [4] milliseconds, Attempts: [2]
20:05:38.248 [Test worker] INFO  allcom_selenium.pages.BasePage -- Clicked on Element [name: email], Time taken: [92] milliseconds
20:05:38.284 [Test worker] INFO  allcom_selenium.pages.BasePage -- Clear Element [name: email]
20:05:38.390 [Test worker] INFO  allcom_selenium.pages.BasePage -- Type [nw7@loA7J.aNGmiShYo] to [name: email]
20:05:38.550 [Test worker] INFO  allcom_selenium.pages.BasePage -- Clicked on Element [name: password], Time taken: [83] milliseconds
20:05:38.587 [Test worker] INFO  allcom_selenium.pages.BasePage -- Clear Element [name: password]
20:05:38.689 [Test worker] INFO  allcom_selenium.pages.BasePage -- Type [uM6%hXs4ewuh&amp;*uOKL7cx7H6P] to [name: password]
20:05:38.807 [Test worker] INFO  allcom_selenium.pages.BasePage -- Clicked on Element [xpath: //*[@data-testid='button_login'], Time taken: [59] milliseconds
20:05:38.944 [Test worker] INFO  allcom_selenium.TestBaseSE -- PASSED: [loginUserWithValidRandomDataPositive], with VALUES: []
20:05:38.945 [Test worker] INFO  allcom_selenium.TestBaseSE -- STARTED: [loginUserWithValidRandomDataPositive]
20:05:39.955 [Test worker] INFO  allcom_selenium.pages.BasePage -- Waiting for URL to be [http://allcom.itvm.com.ua:5173/login], Time taken: [4] milliseconds, Attempts: [2]
20:05:40.124 [Test worker] INFO  allcom_selenium.pages.BasePage -- Clicked on Element [name: email], Time taken: [91] milliseconds
20:05:40.160 [Test worker] INFO  allcom_selenium.pages.BasePage -- Clear Element [name: email]
20:05:40.266 [Test worker] INFO  allcom_selenium.pages.BasePage -- Type [nw7@loA7J.aNGmiShYo] to [name: email]
20:05:40.449 [Test worker] INFO  allcom_selenium.pages.BasePage -- Clicked on Element [name: password], Time taken: [107] milliseconds
20:05:40.490 [Test worker] INFO  allcom_selenium.pages.BasePage -- Clear Element [name: password]
20:05:40.597 [Test worker] INFO  allcom_selenium.pages.BasePage -- Type [uM6%hXs4ewuh&amp;*uOKL7cx7H6P] to [name: password]
20:05:40.718 [Test worker] INFO  allcom_selenium.pages.BasePage -- Clicked on Element [xpath: //*[@data-testid='button_login'], Time taken: [59] milliseconds
20:05:40.855 [Test worker] INFO  allcom_selenium.TestBaseSE -- PASSED: [loginUserWithValidRandomDataPositive], with VALUES: []
20:05:40.858 [Test worker] INFO  allcom_selenium.TestBaseSE -- STARTED: [loginUserWithValidRandomDataPositive]
20:05:41.867 [Test worker] INFO  allcom_selenium.pages.BasePage -- Waiting for URL to be [http://allcom.itvm.com.ua:5173/login], Time taken: [5] milliseconds, Attempts: [2]
20:05:42.059 [Test worker] INFO  allcom_selenium.pages.BasePage -- Clicked on Element [name: email], Time taken: [99] milliseconds
20:05:42.096 [Test worker] INFO  allcom_selenium.pages.BasePage -- Clear Element [name: email]
20:05:42.207 [Test worker] INFO  allcom_selenium.pages.BasePage -- Type [nw7@loA7J.aNGmiShYo] to [name: email]
20:05:42.365 [Test worker] INFO  allcom_selenium.pages.BasePage -- Clicked on Element [name: password], Time taken: [83] milliseconds
20:05:42.398 [Test worker] INFO  allcom_selenium.pages.BasePage -- Clear Element [name: password]
20:05:42.499 [Test worker] INFO  allcom_selenium.pages.BasePage -- Type [uM6%hXs4ewuh&amp;*uOKL7cx7H6P] to [name: password]
20:05:42.620 [Test worker] INFO  allcom_selenium.pages.BasePage -- Clicked on Element [xpath: //*[@data-testid='button_login'], Time taken: [58] milliseconds
20:05:42.749 [Test worker] INFO  allcom_selenium.TestBaseSE -- PASSED: [loginUserWithValidRandomDataPositive], with VALUES: []
20:05:42.751 [Test worker] INFO  allcom_selenium.TestBaseSE -- STARTED: [loginUserWithValidRandomDataPositive]
20:05:43.750 [Test worker] INFO  allcom_selenium.pages.BasePage -- Waiting for URL to be [http://allcom.itvm.com.ua:5173/login], Time taken: [3] milliseconds, Attempts: [2]
20:05:43.918 [Test worker] INFO  allcom_selenium.pages.BasePage -- Clicked on Element [name: email], Time taken: [90] milliseconds
20:05:43.960 [Test worker] INFO  allcom_selenium.pages.BasePage -- Clear Element [name: email]
20:05:44.071 [Test worker] INFO  allcom_selenium.pages.BasePage -- Type [nw7@loA7J.aNGmiShYo] to [name: email]
20:05:44.221 [Test worker] INFO  allcom_selenium.pages.BasePage -- Clicked on Element [name: password], Time taken: [80] milliseconds
20:05:44.254 [Test worker] INFO  allcom_selenium.pages.BasePage -- Clear Element [name: password]
20:05:44.351 [Test worker] INFO  allcom_selenium.pages.BasePage -- Type [uM6%hXs4ewuh&amp;*uOKL7cx7H6P] to [name: password]
20:05:44.465 [Test worker] INFO  allcom_selenium.pages.BasePage -- Clicked on Element [xpath: //*[@data-testid='button_login'], Time taken: [57] milliseconds
20:05:44.604 [Test worker] INFO  allcom_selenium.TestBaseSE -- PASSED: [loginUserWithValidRandomDataPositive], with VALUES: []
20:05:44.607 [Test worker] INFO  allcom_selenium.TestBaseSE -- STARTED: [loginWithValidDataPositive]
20:05:45.635 [Test worker] INFO  allcom_selenium.pages.BasePage -- Waiting for URL to be [http://allcom.itvm.com.ua:5173/login], Time taken: [3] milliseconds, Attempts: [2]
20:05:45.800 [Test worker] INFO  allcom_selenium.pages.BasePage -- Clicked on Element [name: email], Time taken: [90] milliseconds
20:05:45.835 [Test worker] INFO  allcom_selenium.pages.BasePage -- Clear Element [name: email]
20:05:45.948 [Test worker] INFO  allcom_selenium.pages.BasePage -- Type [james-smith@mail.com] to [name: email]
20:05:46.095 [Test worker] INFO  allcom_selenium.pages.BasePage -- Clicked on Element [name: password], Time taken: [81] milliseconds
20:05:46.128 [Test worker] INFO  allcom_selenium.pages.BasePage -- Clear Element [name: password]
20:05:46.190 [Test worker] INFO  allcom_selenium.pages.BasePage -- Type [Qwerty007!] to [name: password]
20:05:46.307 [Test worker] INFO  allcom_selenium.pages.BasePage -- Clicked on Element [xpath: //*[@data-testid='button_login'], Time taken: [58] milliseconds
20:05:46.443 [Test worker] INFO  allcom_selenium.TestBaseSE -- PASSED: [loginWithValidDataPositive], with VALUES: []
20:05:46.473 [Test worker] INFO  allcom_selenium.TestBaseSE -- STARTED: [loginWithValidDataProviderPositive]
20:05:47.628 [Test worker] INFO  allcom_selenium.pages.BasePage -- Waiting for URL to be [http://allcom.itvm.com.ua:5173/login], Time taken: [3] milliseconds, Attempts: [2]
20:05:47.850 [Test worker] ERROR allcom_selenium.TestBaseSE -- ERROR FAILED TEST: [loginWithValidDataProviderPositive], with VALUES: [testuser1@testuser.com, Test!123]
20:05:47.850 [Test worker] ERROR allcom_selenium.TestBaseSE -- ERROR TEST MESSAGE: null
20:05:47.850 [Test worker] ERROR allcom_selenium.TestBaseSE -- ERROR TEST STACK TRACE: 
java.lang.NullPointerException: null
	at org.openqa.selenium.remote.RemoteWebElement.isEnabled(RemoteWebElement.java:183)
	at jdk.internal.reflect.GeneratedMethodAccessor7.invoke(Unknown Source)
	at java.base/jdk.internal.reflect.DelegatingMethodAccessorImpl.invoke(DelegatingMethodAccessorImpl.java:43)
	at java.base/java.lang.reflect.Method.invoke(Method.java:566)
	at org.openqa.selenium.support.pagefactory.internal.LocatingElementHandler.invoke(LocatingElementHandler.java:51)
	at com.sun.proxy.$Proxy20.isEnabled(Unknown Source)
	at org.openqa.selenium.support.ui.ExpectedConditions$23.apply(ExpectedConditions.java:658)
	at org.openqa.selenium.support.ui.ExpectedConditions$23.apply(ExpectedConditions.java:652)
	at org.openqa.selenium.support.ui.FluentWait.until(FluentWait.java:203)
	at allcom_selenium.pages.BasePage.click(BasePage.java:160)
	at allcom_selenium.pages.BasePage.type(BasePage.java:234)
	at allcom_selenium.pages.login.LoginPage.login(LoginPage.java:50)
	at allcom_selenium.login.LoginPositiveTests.loginWithValidDataProviderPositive(LoginPositiveTests.java:38)
	at java.base/jdk.internal.reflect.NativeMethodAccessorImpl.invoke0(Native Method)
	at java.base/jdk.internal.reflect.NativeMethodAccessorImpl.invoke(NativeMethodAccessorImpl.java:62)
	at java.base/jdk.internal.reflect.DelegatingMethodAccessorImpl.invoke(DelegatingMethodAccessorImpl.java:43)
	at java.base/java.lang.reflect.Method.invoke(Method.java:566)
	at org.testng.internal.invokers.MethodInvocationHelper.invokeMethod(MethodInvocationHelper.java:139)
	at org.testng.internal.invokers.TestInvoker.invokeMethod(TestInvoker.java:664)
	at org.testng.internal.invokers.TestInvoker.invokeTestMethod(TestInvoker.java:228)
	at org.testng.internal.invokers.MethodRunner.runInSequence(MethodRunner.java:63)
	at org.testng.internal.invokers.TestInvoker$MethodInvocationAgent.invoke(TestInvoker.java:961)
	at org.testng.internal.invokers.TestInvoker.invokeTestMethods(TestInvoker.java:201)
	at org.testng.internal.invokers.TestMethodWorker.invokeTestMethods(TestMethodWorker.java:148)
	at org.testng.internal.invokers.TestMethodWorker.run(TestMethodWorker.java:128)
	at java.base/java.util.ArrayList.forEach(ArrayList.java:1541)
	at org.testng.TestRunner.privateRun(TestRunner.java:819)
	at org.testng.TestRunner.run(TestRunner.java:619)
	at org.testng.SuiteRunner.runTest(SuiteRunner.java:443)
	at org.testng.SuiteRunner.runSequentially(SuiteRunner.java:437)
	at org.testng.SuiteRunner.privateRun(SuiteRunner.java:397)
	at org.testng.SuiteRunner.run(SuiteRunner.java:336)
	at org.testng.SuiteRunnerWorker.runSuite(SuiteRunnerWorker.java:52)
	at org.testng.SuiteRunnerWorker.run(SuiteRunnerWorker.java:95)
	at org.testng.TestNG.runSuitesSequentially(TestNG.java:1301)
	at org.testng.TestNG.runSuitesLocally(TestNG.java:1228)
	at org.testng.TestNG.runSuites(TestNG.java:1134)
	at org.testng.TestNG.run(TestNG.java:1101)
	at org.gradle.api.internal.tasks.testing.testng.TestNGTestClassProcessor.runTests(TestNGTestClassProcessor.java:153)
	at org.gradle.api.internal.tasks.testing.testng.TestNGTestClassProcessor.stop(TestNGTestClassProcessor.java:95)
	at org.gradle.api.internal.tasks.testing.SuiteTestClassProcessor.stop(SuiteTestClassProcessor.java:63)
	at java.base/jdk.internal.reflect.NativeMethodAccessorImpl.invoke0(Native Method)
	at java.base/jdk.internal.reflect.NativeMethodAccessorImpl.invoke(NativeMethodAccessorImpl.java:62)
	at java.base/jdk.internal.reflect.DelegatingMethodAccessorImpl.invoke(DelegatingMethodAccessorImpl.java:43)
	at java.base/java.lang.reflect.Method.invoke(Method.java:566)
	at org.gradle.internal.dispatch.ReflectionDispatch.dispatch(ReflectionDispatch.java:36)
	at org.gradle.internal.dispatch.ReflectionDispatch.dispatch(ReflectionDispatch.java:24)
	at org.gradle.internal.dispatch.ContextClassLoaderDispatch.dispatch(ContextClassLoaderDispatch.java:33)
	at org.gradle.internal.dispatch.ProxyDispatchAdapter$DispatchingInvocationHandler.invoke(ProxyDispatchAdapter.java:92)
	at com.sun.proxy.$Proxy4.stop(Unknown Source)
	at org.gradle.api.internal.tasks.testing.worker.TestWorker$3.run(TestWorker.java:200)
	at org.gradle.api.internal.tasks.testing.worker.TestWorker.executeAndMaintainThreadName(TestWorker.java:132)
	at org.gradle.api.internal.tasks.testing.worker.TestWorker.execute(TestWorker.java:103)
	at org.gradle.api.internal.tasks.testing.worker.TestWorker.execute(TestWorker.java:63)
	at org.gradle.process.internal.worker.child.ActionExecutionWorker.execute(ActionExecutionWorker.java:56)
	at org.gradle.process.internal.worker.child.SystemApplicationClassLoaderWorker.call(SystemApplicationClassLoaderWorker.java:121)
	at org.gradle.process.internal.worker.child.SystemApplicationClassLoaderWorker.call(SystemApplicationClassLoaderWorker.java:71)
	at worker.org.gradle.process.internal.worker.GradleWorkerMain.run(GradleWorkerMain.java:69)
	at worker.org.gradle.process.internal.worker.GradleWorkerMain.main(GradleWorkerMain.java:74)
</pre>
</span>
</div>
</div>
<div id="footer">
<p>
<div>
<label class="hidden" id="label-for-line-wrapping-toggle" for="line-wrapping-toggle">Wrap lines
<input id="line-wrapping-toggle" type="checkbox" autocomplete="off"/>
</label>
</div>Generated by 
<a href="http://www.gradle.org">Gradle 8.10.2</a> at Dec 9, 2024, 8:05:48 PM</p>
</div>
</div>
</body>
</html>
